<?xml version="1.0" encoding="UTF-8"?>
<!-- Generated by org.testng.reporters.JUnitReportReporter -->
<testsuite hostname="DESKTOP-A26UN3B" failures="0" tests="1" name="GetAPIRequest.LoginTest" time="0.014" errors="0" timestamp="2023-10-27T22:52:14 IST" skipped="0">
  <testcase classname="GetAPIRequest.LoginTest" name="loginTest" time="0.014"/>
  <system-out/>
</testsuite> <!-- GetAPIRequest.LoginTest -->
