<?xml version="1.0" encoding="UTF-8"?>
<!-- Generated by org.testng.reporters.JUnitReportReporter -->
<testsuite hostname="DESKTOP-A26UN3B" failures="0" tests="1" name="GetAPIRequest.Tests_PUT" time="1.732" errors="0" timestamp="2023-12-04T10:50:03 IST" skipped="0">
  <testcase classname="GetAPIRequest.Tests_PUT" name="test1_Put" time="1.732"/>
  <system-out/>
</testsuite> <!-- GetAPIRequest.Tests_PUT -->
