<?xml version="1.0" encoding="UTF-8"?>
<!-- Generated by org.testng.reporters.JUnitReportReporter -->
<testsuite hostname="DESKTOP-A26UN3B" failures="0" tests="1" name="GetAPIRequest.Tests_Get" time="2.251" errors="0" timestamp="2024-03-07T14:17:18 IST" skipped="0">
  <testcase classname="GetAPIRequest.Tests_Get" name="getEmail" time="2.251"/>
  <system-out/>
</testsuite> <!-- GetAPIRequest.Tests_Get -->
