<?xml version="1.0" encoding="UTF-8"?>
<!-- Generated by org.testng.reporters.JUnitReportReporter -->
<testsuite hostname="DESKTOP-A26UN3B" failures="0" tests="2" name="GetAPIRequest.Test01_GET" time="3.555" errors="0" timestamp="2023-10-05T14:08:39 IST" skipped="0">
  <testcase classname="GetAPIRequest.Test01_GET" name="test_01" time="1.382"/>
  <system-out/>
  <testcase classname="GetAPIRequest.Test01_GET" name="test_02" time="2.173"/>
  <system-out/>
</testsuite> <!-- GetAPIRequest.Test01_GET -->
