<?xml version="1.0" encoding="UTF-8"?>
<!-- Generated by org.testng.reporters.JUnitReportReporter -->
<testsuite hostname="DESKTOP-A26UN3B" failures="0" tests="5" name="GetAPIRequest.DataForPost" time="1.235" errors="0" timestamp="2023-10-12T20:24:43 IST" skipped="0">
  <testcase classname="GetAPIRequest.DataForPost" name="test1_Delete" time="1.058"/>
  <system-out/>
  <testcase classname="GetAPIRequest.DataForPost" name="test1_Delete" time="0.041"/>
  <system-out/>
  <testcase classname="GetAPIRequest.DataForPost" name="test1_Delete" time="0.030"/>
  <system-out/>
  <testcase classname="GetAPIRequest.DataForPost" name="test1_Delete" time="0.062"/>
  <system-out/>
  <testcase classname="GetAPIRequest.DataForPost" name="test1_Delete" time="0.044"/>
  <system-out/>
</testsuite> <!-- GetAPIRequest.DataForPost -->
