<?xml version="1.0" encoding="UTF-8"?>
<!-- Generated by org.testng.reporters.JUnitReportReporter -->
<testsuite hostname="DESKTOP-A26UN3B" failures="0" tests="1" name="GetAPIRequest.Tests_POST_Map" time="1.947" errors="0" timestamp="2024-01-16T11:08:10 IST" skipped="0">
  <testcase classname="GetAPIRequest.Tests_POST_Map" name="test1_Post" time="1.947"/>
  <system-out/>
</testsuite> <!-- GetAPIRequest.Tests_POST_Map -->
