<?xml version="1.0" encoding="UTF-8"?>
<!-- Generated by org.testng.reporters.JUnitReportReporter -->
<testsuite hostname="DESKTOP-A26UN3B" failures="0" tests="1" name="GetAPIRequest.GetAPIResponse" time="1.847" errors="0" timestamp="2023-11-20T20:47:48 IST" skipped="0">
  <testcase classname="GetAPIRequest.GetAPIResponse" name="GetAPIResponse" time="1.847"/>
  <system-out/>
</testsuite> <!-- GetAPIRequest.GetAPIResponse -->
