<?xml version="1.0" encoding="UTF-8"?>
<!-- Generated by org.testng.reporters.JUnitReportReporter -->
<testsuite hostname="DESKTOP-A26UN3B" failures="0" tests="1" name="GetAPIRequest.Tests_POST_WithOutMap" time="1.566" errors="0" timestamp="2023-10-25T19:06:17 IST" skipped="0">
  <testcase classname="GetAPIRequest.Tests_POST_WithOutMap" name="test1_Post" time="1.566"/>
  <system-out/>
</testsuite> <!-- GetAPIRequest.Tests_POST_WithOutMap -->
