<?xml version="1.0" encoding="UTF-8"?>
<!-- Generated by org.testng.reporters.JUnitReportReporter -->
<testsuite hostname="DESKTOP-A26UN3B" failures="0" tests="1" name="GetAPIRequest.Test01_GetData" time="1.836" errors="0" timestamp="2023-10-25T15:44:18 IST" skipped="0">
  <testcase classname="GetAPIRequest.Test01_GetData" name="test_02" time="1.836"/>
  <system-out/>
</testsuite> <!-- GetAPIRequest.Test01_GetData -->
