<?xml version="1.0" encoding="UTF-8"?>
<!-- Generated by org.testng.reporters.JUnitReportReporter -->
<testsuite hostname="DESKTOP-A26UN3B" failures="0" tests="1" name="GetAPIRequest.Tests_Get_SingleUSer" time="1.828" errors="0" timestamp="2024-04-01T17:49:05 IST" skipped="0">
  <testcase classname="GetAPIRequest.Tests_Get_SingleUSer" name="getSingleEmail" time="1.828"/>
  <system-out/>
</testsuite> <!-- GetAPIRequest.Tests_Get_SingleUSer -->
