<?xml version="1.0" encoding="UTF-8"?>
<!-- Generated by org.testng.reporters.JUnitReportReporter -->
<testsuite hostname="DESKTOP-A26UN3B" failures="0" tests="6" name="GetAPIRequest.GetSubjectDetail" time="1.178" errors="0" timestamp="2023-10-11T20:52:10 IST" skipped="5">
  <testcase classname="GetAPIRequest.GetSubjectDetail" name="test_deleteUser" time="1.178"/>
  <system-out/>
  <testcase classname="GetAPIRequest.GetSubjectDetail" name="test_PostUsers">
    <skipped/>
  </testcase> <!-- test_PostUsers -->
  <system-out/>
  <testcase classname="GetAPIRequest.GetSubjectDetail" name="test_getUsers">
    <skipped/>
  </testcase> <!-- test_getUsers -->
  <system-out/>
  <testcase classname="GetAPIRequest.GetSubjectDetail" name="test_PutUsers">
    <skipped/>
  </testcase> <!-- test_PutUsers -->
  <system-out/>
  <testcase classname="GetAPIRequest.GetSubjectDetail" name="test_PatchUsers">
    <skipped/>
  </testcase> <!-- test_PatchUsers -->
  <system-out/>
  <testcase classname="GetAPIRequest.GetSubjectDetail" name="test_getSubjects">
    <skipped/>
  </testcase> <!-- test_getSubjects -->
  <system-out/>
</testsuite> <!-- GetAPIRequest.GetSubjectDetail -->
