<?xml version="1.0" encoding="UTF-8"?>
<!-- Generated by org.testng.reporters.JUnitReportReporter -->
<testsuite hostname="DESKTOP-A26UN3B" failures="0" tests="1" name="GetAPIRequest.Tests_Delete" time="1.778" errors="0" timestamp="2023-10-06T21:33:54 IST" skipped="0">
  <testcase classname="GetAPIRequest.Tests_Delete" name="test1_Delete" time="1.778"/>
  <system-out/>
</testsuite> <!-- GetAPIRequest.Tests_Delete -->
