<?xml version="1.0" encoding="UTF-8"?>
<!-- Generated by org.testng.reporters.JUnitReportReporter -->
<testsuite hostname="DESKTOP-A26UN3B" failures="0" tests="1" name="GetAPIRequest.Tests_Patch" time="2.106" errors="0" timestamp="2023-10-06T21:19:12 IST" skipped="0">
  <testcase classname="GetAPIRequest.Tests_Patch" name="test1_Patch" time="2.106"/>
  <system-out/>
</testsuite> <!-- GetAPIRequest.Tests_Patch -->
