<?xml version="1.0" encoding="UTF-8"?>
<!-- Generated by org.testng.reporters.JUnitReportReporter -->
<testsuite hostname="DESKTOP-A26UN3B" failures="0" tests="1" name="GetAPIRequest.Tests_Get" time="2.087" errors="0" timestamp="2024-04-01T17:48:27 IST" skipped="0">
  <testcase classname="GetAPIRequest.Tests_Get" name="getEmail" time="2.087"/>
  <system-out/>
</testsuite> <!-- GetAPIRequest.Tests_Get -->
